
*** Running vivado
    with args -log Top_Level_view_axi_gpio_0_0.vds -m64 -product Vivado -mode batch -messageDb vivado.pb -notrace -source Top_Level_view_axi_gpio_0_0.tcl


****** Vivado v2017.3.1 (64-bit)
  **** SW Build 2035080 on Fri Oct 20 14:20:01 MDT 2017
  **** IP Build 2034413 on Fri Oct 20 15:56:25 MDT 2017
    ** Copyright 1986-2017 Xilinx, Inc. All Rights Reserved.

source Top_Level_view_axi_gpio_0_0.tcl -notrace
Starting RTL Elaboration : Time (s): cpu = 00:00:09 ; elapsed = 00:00:11 . Memory (MB): peak = 375.055 ; gain = 97.637
INFO: [Synth 8-638] synthesizing module 'Top_Level_view_axi_gpio_0_0' [c:/Users/noahj/Documents/GitHub/WavGenA/WavGenA.srcs/sources_1/bd/Top_Level_view/ip/Top_Level_view_axi_gpio_0_0/synth/Top_Level_view_axi_gpio_0_0.vhd:89]
INFO: [Synth 8-638] synthesizing module 'axi_gpio' [c:/Users/noahj/Documents/GitHub/WavGenA/WavGenA.srcs/sources_1/bd/Top_Level_view/ipshared/e9c1/hdl/axi_gpio_v2_0_vh_rfs.vhd:1358]
INFO: [Synth 8-638] synthesizing module 'axi_lite_ipif' [c:/Users/noahj/Documents/GitHub/WavGenA/WavGenA.srcs/sources_1/bd/Top_Level_view/ipshared/cced/hdl/axi_lite_ipif_v3_0_vh_rfs.vhd:2948]
INFO: [Synth 8-638] synthesizing module 'slave_attachment' [c:/Users/noahj/Documents/GitHub/WavGenA/WavGenA.srcs/sources_1/bd/Top_Level_view/ipshared/cced/hdl/axi_lite_ipif_v3_0_vh_rfs.vhd:2341]
INFO: [Synth 8-638] synthesizing module 'address_decoder' [c:/Users/noahj/Documents/GitHub/WavGenA/WavGenA.srcs/sources_1/bd/Top_Level_view/ipshared/cced/hdl/axi_lite_ipif_v3_0_vh_rfs.vhd:1775]
INFO: [Synth 8-638] synthesizing module 'pselect_f' [c:/Users/noahj/Documents/GitHub/WavGenA/WavGenA.srcs/sources_1/bd/Top_Level_view/ipshared/cced/hdl/axi_lite_ipif_v3_0_vh_rfs.vhd:1534]
INFO: [Synth 8-256] done synthesizing module 'pselect_f' (1#1) [c:/Users/noahj/Documents/GitHub/WavGenA/WavGenA.srcs/sources_1/bd/Top_Level_view/ipshared/cced/hdl/axi_lite_ipif_v3_0_vh_rfs.vhd:1534]
INFO: [Synth 8-638] synthesizing module 'pselect_f__parameterized0' [c:/Users/noahj/Documents/GitHub/WavGenA/WavGenA.srcs/sources_1/bd/Top_Level_view/ipshared/cced/hdl/axi_lite_ipif_v3_0_vh_rfs.vhd:1534]
INFO: [Synth 8-256] done synthesizing module 'pselect_f__parameterized0' (1#1) [c:/Users/noahj/Documents/GitHub/WavGenA/WavGenA.srcs/sources_1/bd/Top_Level_view/ipshared/cced/hdl/axi_lite_ipif_v3_0_vh_rfs.vhd:1534]
INFO: [Synth 8-638] synthesizing module 'pselect_f__parameterized1' [c:/Users/noahj/Documents/GitHub/WavGenA/WavGenA.srcs/sources_1/bd/Top_Level_view/ipshared/cced/hdl/axi_lite_ipif_v3_0_vh_rfs.vhd:1534]
INFO: [Synth 8-256] done synthesizing module 'pselect_f__parameterized1' (1#1) [c:/Users/noahj/Documents/GitHub/WavGenA/WavGenA.srcs/sources_1/bd/Top_Level_view/ipshared/cced/hdl/axi_lite_ipif_v3_0_vh_rfs.vhd:1534]
INFO: [Synth 8-638] synthesizing module 'pselect_f__parameterized2' [c:/Users/noahj/Documents/GitHub/WavGenA/WavGenA.srcs/sources_1/bd/Top_Level_view/ipshared/cced/hdl/axi_lite_ipif_v3_0_vh_rfs.vhd:1534]
INFO: [Synth 8-256] done synthesizing module 'pselect_f__parameterized2' (1#1) [c:/Users/noahj/Documents/GitHub/WavGenA/WavGenA.srcs/sources_1/bd/Top_Level_view/ipshared/cced/hdl/axi_lite_ipif_v3_0_vh_rfs.vhd:1534]
INFO: [Synth 8-256] done synthesizing module 'address_decoder' (2#1) [c:/Users/noahj/Documents/GitHub/WavGenA/WavGenA.srcs/sources_1/bd/Top_Level_view/ipshared/cced/hdl/axi_lite_ipif_v3_0_vh_rfs.vhd:1775]
INFO: [Synth 8-256] done synthesizing module 'slave_attachment' (3#1) [c:/Users/noahj/Documents/GitHub/WavGenA/WavGenA.srcs/sources_1/bd/Top_Level_view/ipshared/cced/hdl/axi_lite_ipif_v3_0_vh_rfs.vhd:2341]
INFO: [Synth 8-256] done synthesizing module 'axi_lite_ipif' (4#1) [c:/Users/noahj/Documents/GitHub/WavGenA/WavGenA.srcs/sources_1/bd/Top_Level_view/ipshared/cced/hdl/axi_lite_ipif_v3_0_vh_rfs.vhd:2948]
INFO: [Synth 8-638] synthesizing module 'GPIO_Core' [c:/Users/noahj/Documents/GitHub/WavGenA/WavGenA.srcs/sources_1/bd/Top_Level_view/ipshared/e9c1/hdl/axi_gpio_v2_0_vh_rfs.vhd:178]
INFO: [Synth 8-638] synthesizing module 'cdc_sync' [c:/Users/noahj/Documents/GitHub/WavGenA/WavGenA.srcs/sources_1/bd/Top_Level_view/ipshared/ef1e/hdl/lib_cdc_v1_0_rfs.vhd:106]
INFO: [Synth 8-256] done synthesizing module 'cdc_sync' (5#1) [c:/Users/noahj/Documents/GitHub/WavGenA/WavGenA.srcs/sources_1/bd/Top_Level_view/ipshared/ef1e/hdl/lib_cdc_v1_0_rfs.vhd:106]
INFO: [Synth 8-638] synthesizing module 'cdc_sync__parameterized0' [c:/Users/noahj/Documents/GitHub/WavGenA/WavGenA.srcs/sources_1/bd/Top_Level_view/ipshared/ef1e/hdl/lib_cdc_v1_0_rfs.vhd:106]
INFO: [Synth 8-256] done synthesizing module 'cdc_sync__parameterized0' (5#1) [c:/Users/noahj/Documents/GitHub/WavGenA/WavGenA.srcs/sources_1/bd/Top_Level_view/ipshared/ef1e/hdl/lib_cdc_v1_0_rfs.vhd:106]
INFO: [Synth 8-256] done synthesizing module 'GPIO_Core' (6#1) [c:/Users/noahj/Documents/GitHub/WavGenA/WavGenA.srcs/sources_1/bd/Top_Level_view/ipshared/e9c1/hdl/axi_gpio_v2_0_vh_rfs.vhd:178]
INFO: [Synth 8-256] done synthesizing module 'axi_gpio' (7#1) [c:/Users/noahj/Documents/GitHub/WavGenA/WavGenA.srcs/sources_1/bd/Top_Level_view/ipshared/e9c1/hdl/axi_gpio_v2_0_vh_rfs.vhd:1358]
INFO: [Synth 8-256] done synthesizing module 'Top_Level_view_axi_gpio_0_0' (8#1) [c:/Users/noahj/Documents/GitHub/WavGenA/WavGenA.srcs/sources_1/bd/Top_Level_view/ip/Top_Level_view_axi_gpio_0_0/synth/Top_Level_view_axi_gpio_0_0.vhd:89]
Finished RTL Elaboration : Time (s): cpu = 00:00:11 ; elapsed = 00:00:13 . Memory (MB): peak = 419.141 ; gain = 141.723
Finished RTL Optimization Phase 1 : Time (s): cpu = 00:00:11 ; elapsed = 00:00:13 . Memory (MB): peak = 419.141 ; gain = 141.723
INFO: [Device 21-403] Loading part xc7s50csga324-1
Constraint Validation Runtime : Time (s): cpu = 00:00:00 ; elapsed = 00:00:00.065 . Memory (MB): peak = 714.984 ; gain = 0.000
Finished Constraint Validation : Time (s): cpu = 00:00:26 ; elapsed = 00:00:28 . Memory (MB): peak = 714.984 ; gain = 437.566
Finished Loading Part and Timing Information : Time (s): cpu = 00:00:26 ; elapsed = 00:00:28 . Memory (MB): peak = 714.984 ; gain = 437.566
Finished applying 'set_property' XDC Constraints : Time (s): cpu = 00:00:26 ; elapsed = 00:00:28 . Memory (MB): peak = 714.984 ; gain = 437.566
Finished RTL Optimization Phase 2 : Time (s): cpu = 00:00:26 ; elapsed = 00:00:29 . Memory (MB): peak = 714.984 ; gain = 437.566
Finished Cross Boundary and Area Optimization : Time (s): cpu = 00:00:28 ; elapsed = 00:00:30 . Memory (MB): peak = 714.984 ; gain = 437.566
Finished Applying XDC Timing Constraints : Time (s): cpu = 00:00:42 ; elapsed = 00:00:44 . Memory (MB): peak = 714.984 ; gain = 437.566
Finished Timing Optimization : Time (s): cpu = 00:00:42 ; elapsed = 00:00:44 . Memory (MB): peak = 714.984 ; gain = 437.566
Finished Technology Mapping : Time (s): cpu = 00:00:42 ; elapsed = 00:00:45 . Memory (MB): peak = 714.984 ; gain = 437.566
Finished IO Insertion : Time (s): cpu = 00:00:43 ; elapsed = 00:00:46 . Memory (MB): peak = 714.984 ; gain = 437.566
Finished Renaming Generated Instances : Time (s): cpu = 00:00:43 ; elapsed = 00:00:46 . Memory (MB): peak = 714.984 ; gain = 437.566
Finished Rebuilding User Hierarchy : Time (s): cpu = 00:00:43 ; elapsed = 00:00:46 . Memory (MB): peak = 714.984 ; gain = 437.566
Finished Renaming Generated Ports : Time (s): cpu = 00:00:43 ; elapsed = 00:00:46 . Memory (MB): peak = 714.984 ; gain = 437.566
Finished Handling Custom Attributes : Time (s): cpu = 00:00:43 ; elapsed = 00:00:46 . Memory (MB): peak = 714.984 ; gain = 437.566
Finished Renaming Generated Nets : Time (s): cpu = 00:00:43 ; elapsed = 00:00:46 . Memory (MB): peak = 714.984 ; gain = 437.566

Report Cell Usage: 
+------+-----+------+
|      |Cell |Count |
+------+-----+------+
|1     |LUT1 |     2|
|2     |LUT2 |    11|
|3     |LUT3 |    10|
|4     |LUT4 |     9|
|5     |LUT5 |    25|
|6     |LUT6 |    22|
|7     |FDR  |    40|
|8     |FDRE |    78|
|9     |FDSE |    10|
+------+-----+------+
Finished Writing Synthesis Report : Time (s): cpu = 00:00:43 ; elapsed = 00:00:46 . Memory (MB): peak = 714.984 ; gain = 437.566
synth_design: Time (s): cpu = 00:00:45 ; elapsed = 00:00:48 . Memory (MB): peak = 714.984 ; gain = 447.328
