
*** Running vivado
    with args -log Top_Level_view_mdm_1_0.vds -m64 -product Vivado -mode batch -messageDb vivado.pb -notrace -source Top_Level_view_mdm_1_0.tcl


****** Vivado v2017.3.1 (64-bit)
  **** SW Build 2035080 on Fri Oct 20 14:20:01 MDT 2017
  **** IP Build 2034413 on Fri Oct 20 15:56:25 MDT 2017
    ** Copyright 1986-2017 Xilinx, Inc. All Rights Reserved.

source Top_Level_view_mdm_1_0.tcl -notrace
Starting RTL Elaboration : Time (s): cpu = 00:00:09 ; elapsed = 00:00:10 . Memory (MB): peak = 372.172 ; gain = 94.734
INFO: [Synth 8-638] synthesizing module 'Top_Level_view_mdm_1_0' [c:/Users/noahj/Documents/GitHub/WavGenA/WavGenA.srcs/sources_1/bd/Top_Level_view/ip/Top_Level_view_mdm_1_0/synth/Top_Level_view_mdm_1_0.vhd:94]
INFO: [Synth 8-638] synthesizing module 'MDM' [c:/Users/noahj/Documents/GitHub/WavGenA/WavGenA.srcs/sources_1/bd/Top_Level_view/ipshared/aa5e/hdl/mdm_v3_2_vh_rfs.vhd:13769]
INFO: [Synth 8-638] synthesizing module 'MB_BSCANE2' [c:/Users/noahj/Documents/GitHub/WavGenA/WavGenA.srcs/sources_1/bd/Top_Level_view/ipshared/aa5e/hdl/mdm_v3_2_vh_rfs.vhd:277]
INFO: [Synth 8-256] done synthesizing module 'MB_BSCANE2' (1#1) [c:/Users/noahj/Documents/GitHub/WavGenA/WavGenA.srcs/sources_1/bd/Top_Level_view/ipshared/aa5e/hdl/mdm_v3_2_vh_rfs.vhd:277]
INFO: [Synth 8-638] synthesizing module 'MB_BUFG' [c:/Users/noahj/Documents/GitHub/WavGenA/WavGenA.srcs/sources_1/bd/Top_Level_view/ipshared/aa5e/hdl/mdm_v3_2_vh_rfs.vhd:328]
INFO: [Synth 8-256] done synthesizing module 'MB_BUFG' (2#1) [c:/Users/noahj/Documents/GitHub/WavGenA/WavGenA.srcs/sources_1/bd/Top_Level_view/ipshared/aa5e/hdl/mdm_v3_2_vh_rfs.vhd:328]
INFO: [Synth 8-638] synthesizing module 'MDM_Core' [c:/Users/noahj/Documents/GitHub/WavGenA/WavGenA.srcs/sources_1/bd/Top_Level_view/ipshared/aa5e/hdl/mdm_v3_2_vh_rfs.vhd:6641]
INFO: [Synth 8-638] synthesizing module 'MB_FDRE' [c:/Users/noahj/Documents/GitHub/WavGenA/WavGenA.srcs/sources_1/bd/Top_Level_view/ipshared/aa5e/hdl/mdm_v3_2_vh_rfs.vhd:450]
INFO: [Synth 8-256] done synthesizing module 'MB_FDRE' (3#1) [c:/Users/noahj/Documents/GitHub/WavGenA/WavGenA.srcs/sources_1/bd/Top_Level_view/ipshared/aa5e/hdl/mdm_v3_2_vh_rfs.vhd:450]
INFO: [Synth 8-638] synthesizing module 'JTAG_CONTROL' [c:/Users/noahj/Documents/GitHub/WavGenA/WavGenA.srcs/sources_1/bd/Top_Level_view/ipshared/aa5e/hdl/mdm_v3_2_vh_rfs.vhd:3115]
INFO: [Synth 8-638] synthesizing module 'MB_FDC_1' [c:/Users/noahj/Documents/GitHub/WavGenA/WavGenA.srcs/sources_1/bd/Top_Level_view/ipshared/aa5e/hdl/mdm_v3_2_vh_rfs.vhd:630]
INFO: [Synth 8-256] done synthesizing module 'MB_FDC_1' (4#1) [c:/Users/noahj/Documents/GitHub/WavGenA/WavGenA.srcs/sources_1/bd/Top_Level_view/ipshared/aa5e/hdl/mdm_v3_2_vh_rfs.vhd:630]
INFO: [Synth 8-638] synthesizing module 'MB_FDRE_1' [c:/Users/noahj/Documents/GitHub/WavGenA/WavGenA.srcs/sources_1/bd/Top_Level_view/ipshared/aa5e/hdl/mdm_v3_2_vh_rfs.vhd:690]
INFO: [Synth 8-256] done synthesizing module 'MB_FDRE_1' (5#1) [c:/Users/noahj/Documents/GitHub/WavGenA/WavGenA.srcs/sources_1/bd/Top_Level_view/ipshared/aa5e/hdl/mdm_v3_2_vh_rfs.vhd:690]
INFO: [Synth 8-638] synthesizing module 'MB_SRL16E' [c:/Users/noahj/Documents/GitHub/WavGenA/WavGenA.srcs/sources_1/bd/Top_Level_view/ipshared/aa5e/hdl/mdm_v3_2_vh_rfs.vhd:759]
INFO: [Synth 8-256] done synthesizing module 'MB_SRL16E' (6#1) [c:/Users/noahj/Documents/GitHub/WavGenA/WavGenA.srcs/sources_1/bd/Top_Level_view/ipshared/aa5e/hdl/mdm_v3_2_vh_rfs.vhd:759]
INFO: [Synth 8-638] synthesizing module 'MB_SRL16E__parameterized1' [c:/Users/noahj/Documents/GitHub/WavGenA/WavGenA.srcs/sources_1/bd/Top_Level_view/ipshared/aa5e/hdl/mdm_v3_2_vh_rfs.vhd:759]
INFO: [Synth 8-256] done synthesizing module 'MB_SRL16E__parameterized1' (6#1) [c:/Users/noahj/Documents/GitHub/WavGenA/WavGenA.srcs/sources_1/bd/Top_Level_view/ipshared/aa5e/hdl/mdm_v3_2_vh_rfs.vhd:759]
INFO: [Synth 8-638] synthesizing module 'MB_SRL16E__parameterized3' [c:/Users/noahj/Documents/GitHub/WavGenA/WavGenA.srcs/sources_1/bd/Top_Level_view/ipshared/aa5e/hdl/mdm_v3_2_vh_rfs.vhd:759]
INFO: [Synth 8-256] done synthesizing module 'MB_SRL16E__parameterized3' (6#1) [c:/Users/noahj/Documents/GitHub/WavGenA/WavGenA.srcs/sources_1/bd/Top_Level_view/ipshared/aa5e/hdl/mdm_v3_2_vh_rfs.vhd:759]
INFO: [Synth 8-638] synthesizing module 'MB_SRL16E__parameterized5' [c:/Users/noahj/Documents/GitHub/WavGenA/WavGenA.srcs/sources_1/bd/Top_Level_view/ipshared/aa5e/hdl/mdm_v3_2_vh_rfs.vhd:759]
INFO: [Synth 8-256] done synthesizing module 'MB_SRL16E__parameterized5' (6#1) [c:/Users/noahj/Documents/GitHub/WavGenA/WavGenA.srcs/sources_1/bd/Top_Level_view/ipshared/aa5e/hdl/mdm_v3_2_vh_rfs.vhd:759]
INFO: [Synth 8-638] synthesizing module 'MB_FDRSE' [c:/Users/noahj/Documents/GitHub/WavGenA/WavGenA.srcs/sources_1/bd/Top_Level_view/ipshared/aa5e/hdl/mdm_v3_2_vh_rfs.vhd:842]
INFO: [Synth 8-256] done synthesizing module 'MB_FDRSE' (7#1) [c:/Users/noahj/Documents/GitHub/WavGenA/WavGenA.srcs/sources_1/bd/Top_Level_view/ipshared/aa5e/hdl/mdm_v3_2_vh_rfs.vhd:842]
INFO: [Synth 8-638] synthesizing module 'SRL_FIFO' [c:/Users/noahj/Documents/GitHub/WavGenA/WavGenA.srcs/sources_1/bd/Top_Level_view/ipshared/aa5e/hdl/mdm_v3_2_vh_rfs.vhd:1771]
INFO: [Synth 8-638] synthesizing module 'MB_MUXCY_XORCY' [c:/Users/noahj/Documents/GitHub/WavGenA/WavGenA.srcs/sources_1/bd/Top_Level_view/ipshared/aa5e/hdl/mdm_v3_2_vh_rfs.vhd:943]
INFO: [Synth 8-256] done synthesizing module 'MB_MUXCY_XORCY' (8#1) [c:/Users/noahj/Documents/GitHub/WavGenA/WavGenA.srcs/sources_1/bd/Top_Level_view/ipshared/aa5e/hdl/mdm_v3_2_vh_rfs.vhd:943]
INFO: [Synth 8-638] synthesizing module 'MB_XORCY' [c:/Users/noahj/Documents/GitHub/WavGenA/WavGenA.srcs/sources_1/bd/Top_Level_view/ipshared/aa5e/hdl/mdm_v3_2_vh_rfs.vhd:1037]
INFO: [Synth 8-256] done synthesizing module 'MB_XORCY' (9#1) [c:/Users/noahj/Documents/GitHub/WavGenA/WavGenA.srcs/sources_1/bd/Top_Level_view/ipshared/aa5e/hdl/mdm_v3_2_vh_rfs.vhd:1037]
INFO: [Synth 8-638] synthesizing module 'MB_SRL16E__parameterized7' [c:/Users/noahj/Documents/GitHub/WavGenA/WavGenA.srcs/sources_1/bd/Top_Level_view/ipshared/aa5e/hdl/mdm_v3_2_vh_rfs.vhd:759]
INFO: [Synth 8-256] done synthesizing module 'MB_SRL16E__parameterized7' (9#1) [c:/Users/noahj/Documents/GitHub/WavGenA/WavGenA.srcs/sources_1/bd/Top_Level_view/ipshared/aa5e/hdl/mdm_v3_2_vh_rfs.vhd:759]
INFO: [Synth 8-256] done synthesizing module 'SRL_FIFO' (10#1) [c:/Users/noahj/Documents/GitHub/WavGenA/WavGenA.srcs/sources_1/bd/Top_Level_view/ipshared/aa5e/hdl/mdm_v3_2_vh_rfs.vhd:1771]
INFO: [Synth 8-256] done synthesizing module 'JTAG_CONTROL' (11#1) [c:/Users/noahj/Documents/GitHub/WavGenA/WavGenA.srcs/sources_1/bd/Top_Level_view/ipshared/aa5e/hdl/mdm_v3_2_vh_rfs.vhd:3115]
INFO: [Synth 8-256] done synthesizing module 'MDM_Core' (12#1) [c:/Users/noahj/Documents/GitHub/WavGenA/WavGenA.srcs/sources_1/bd/Top_Level_view/ipshared/aa5e/hdl/mdm_v3_2_vh_rfs.vhd:6641]
INFO: [Synth 8-638] synthesizing module 'axi_lite_ipif' [c:/Users/noahj/Documents/GitHub/WavGenA/WavGenA.srcs/sources_1/bd/Top_Level_view/ipshared/cced/hdl/axi_lite_ipif_v3_0_vh_rfs.vhd:2948]
INFO: [Synth 8-638] synthesizing module 'slave_attachment' [c:/Users/noahj/Documents/GitHub/WavGenA/WavGenA.srcs/sources_1/bd/Top_Level_view/ipshared/cced/hdl/axi_lite_ipif_v3_0_vh_rfs.vhd:2341]
INFO: [Synth 8-638] synthesizing module 'address_decoder' [c:/Users/noahj/Documents/GitHub/WavGenA/WavGenA.srcs/sources_1/bd/Top_Level_view/ipshared/cced/hdl/axi_lite_ipif_v3_0_vh_rfs.vhd:1775]
INFO: [Synth 8-638] synthesizing module 'pselect_f' [c:/Users/noahj/Documents/GitHub/WavGenA/WavGenA.srcs/sources_1/bd/Top_Level_view/ipshared/cced/hdl/axi_lite_ipif_v3_0_vh_rfs.vhd:1534]
INFO: [Synth 8-256] done synthesizing module 'pselect_f' (13#1) [c:/Users/noahj/Documents/GitHub/WavGenA/WavGenA.srcs/sources_1/bd/Top_Level_view/ipshared/cced/hdl/axi_lite_ipif_v3_0_vh_rfs.vhd:1534]
INFO: [Synth 8-638] synthesizing module 'pselect_f__parameterized0' [c:/Users/noahj/Documents/GitHub/WavGenA/WavGenA.srcs/sources_1/bd/Top_Level_view/ipshared/cced/hdl/axi_lite_ipif_v3_0_vh_rfs.vhd:1534]
INFO: [Synth 8-256] done synthesizing module 'pselect_f__parameterized0' (13#1) [c:/Users/noahj/Documents/GitHub/WavGenA/WavGenA.srcs/sources_1/bd/Top_Level_view/ipshared/cced/hdl/axi_lite_ipif_v3_0_vh_rfs.vhd:1534]
INFO: [Synth 8-638] synthesizing module 'pselect_f__parameterized1' [c:/Users/noahj/Documents/GitHub/WavGenA/WavGenA.srcs/sources_1/bd/Top_Level_view/ipshared/cced/hdl/axi_lite_ipif_v3_0_vh_rfs.vhd:1534]
INFO: [Synth 8-256] done synthesizing module 'pselect_f__parameterized1' (13#1) [c:/Users/noahj/Documents/GitHub/WavGenA/WavGenA.srcs/sources_1/bd/Top_Level_view/ipshared/cced/hdl/axi_lite_ipif_v3_0_vh_rfs.vhd:1534]
INFO: [Synth 8-638] synthesizing module 'pselect_f__parameterized2' [c:/Users/noahj/Documents/GitHub/WavGenA/WavGenA.srcs/sources_1/bd/Top_Level_view/ipshared/cced/hdl/axi_lite_ipif_v3_0_vh_rfs.vhd:1534]
INFO: [Synth 8-256] done synthesizing module 'pselect_f__parameterized2' (13#1) [c:/Users/noahj/Documents/GitHub/WavGenA/WavGenA.srcs/sources_1/bd/Top_Level_view/ipshared/cced/hdl/axi_lite_ipif_v3_0_vh_rfs.vhd:1534]
INFO: [Synth 8-256] done synthesizing module 'address_decoder' (14#1) [c:/Users/noahj/Documents/GitHub/WavGenA/WavGenA.srcs/sources_1/bd/Top_Level_view/ipshared/cced/hdl/axi_lite_ipif_v3_0_vh_rfs.vhd:1775]
INFO: [Synth 8-256] done synthesizing module 'slave_attachment' (15#1) [c:/Users/noahj/Documents/GitHub/WavGenA/WavGenA.srcs/sources_1/bd/Top_Level_view/ipshared/cced/hdl/axi_lite_ipif_v3_0_vh_rfs.vhd:2341]
INFO: [Synth 8-256] done synthesizing module 'axi_lite_ipif' (16#1) [c:/Users/noahj/Documents/GitHub/WavGenA/WavGenA.srcs/sources_1/bd/Top_Level_view/ipshared/cced/hdl/axi_lite_ipif_v3_0_vh_rfs.vhd:2948]
INFO: [Synth 8-256] done synthesizing module 'MDM' (17#1) [c:/Users/noahj/Documents/GitHub/WavGenA/WavGenA.srcs/sources_1/bd/Top_Level_view/ipshared/aa5e/hdl/mdm_v3_2_vh_rfs.vhd:13769]
INFO: [Synth 8-256] done synthesizing module 'Top_Level_view_mdm_1_0' (18#1) [c:/Users/noahj/Documents/GitHub/WavGenA/WavGenA.srcs/sources_1/bd/Top_Level_view/ip/Top_Level_view_mdm_1_0/synth/Top_Level_view_mdm_1_0.vhd:94]
Finished RTL Elaboration : Time (s): cpu = 00:00:17 ; elapsed = 00:00:19 . Memory (MB): peak = 427.281 ; gain = 149.844
Finished RTL Optimization Phase 1 : Time (s): cpu = 00:00:17 ; elapsed = 00:00:20 . Memory (MB): peak = 427.281 ; gain = 149.844
INFO: [Device 21-403] Loading part xc7s50csga324-1
Constraint Validation Runtime : Time (s): cpu = 00:00:00 ; elapsed = 00:00:00.056 . Memory (MB): peak = 720.172 ; gain = 0.000
Finished Constraint Validation : Time (s): cpu = 00:00:36 ; elapsed = 00:00:40 . Memory (MB): peak = 720.172 ; gain = 442.734
Finished Loading Part and Timing Information : Time (s): cpu = 00:00:36 ; elapsed = 00:00:40 . Memory (MB): peak = 720.172 ; gain = 442.734
Finished applying 'set_property' XDC Constraints : Time (s): cpu = 00:00:36 ; elapsed = 00:00:40 . Memory (MB): peak = 720.172 ; gain = 442.734
Finished RTL Optimization Phase 2 : Time (s): cpu = 00:00:37 ; elapsed = 00:00:42 . Memory (MB): peak = 720.172 ; gain = 442.734
Finished Cross Boundary and Area Optimization : Time (s): cpu = 00:00:39 ; elapsed = 00:00:44 . Memory (MB): peak = 720.172 ; gain = 442.734
Finished Applying XDC Timing Constraints : Time (s): cpu = 00:00:57 ; elapsed = 00:01:03 . Memory (MB): peak = 720.172 ; gain = 442.734
Finished Timing Optimization : Time (s): cpu = 00:00:58 ; elapsed = 00:01:03 . Memory (MB): peak = 720.172 ; gain = 442.734
Finished Technology Mapping : Time (s): cpu = 00:00:58 ; elapsed = 00:01:04 . Memory (MB): peak = 720.172 ; gain = 442.734
Finished IO Insertion : Time (s): cpu = 00:00:59 ; elapsed = 00:01:05 . Memory (MB): peak = 720.172 ; gain = 442.734
Finished Renaming Generated Instances : Time (s): cpu = 00:00:59 ; elapsed = 00:01:05 . Memory (MB): peak = 720.172 ; gain = 442.734
Finished Rebuilding User Hierarchy : Time (s): cpu = 00:00:59 ; elapsed = 00:01:06 . Memory (MB): peak = 720.172 ; gain = 442.734
Finished Renaming Generated Ports : Time (s): cpu = 00:00:59 ; elapsed = 00:01:06 . Memory (MB): peak = 720.172 ; gain = 442.734
Finished Handling Custom Attributes : Time (s): cpu = 00:00:59 ; elapsed = 00:01:06 . Memory (MB): peak = 720.172 ; gain = 442.734
Finished Renaming Generated Nets : Time (s): cpu = 00:00:59 ; elapsed = 00:01:06 . Memory (MB): peak = 720.172 ; gain = 442.734

Report Cell Usage: 
+------+--------+------+
|      |Cell    |Count |
+------+--------+------+
|1     |BSCANE2 |     1|
|2     |BUFG    |     1|
|3     |LUT1    |     4|
|4     |LUT2    |    23|
|5     |LUT3    |    31|
|6     |LUT4    |    29|
|7     |LUT5    |    38|
|8     |LUT6    |    53|
|9     |MUXCY_L |     6|
|10    |SRL16E  |    23|
|11    |XORCY   |     8|
|12    |FDCE    |   119|
|13    |FDC_1   |     1|
|14    |FDPE    |     7|
|15    |FDRE    |    48|
|16    |FDRE_1  |     1|
|17    |FDSE    |     2|
+------+--------+------+
Finished Writing Synthesis Report : Time (s): cpu = 00:00:59 ; elapsed = 00:01:06 . Memory (MB): peak = 720.172 ; gain = 442.734
synth_design: Time (s): cpu = 00:01:02 ; elapsed = 00:01:08 . Memory (MB): peak = 720.172 ; gain = 447.676
